<?xml version="1.0" encoding="UTF-8"?>
<robot generator="Robot 6.0.2 (Python 3.8.10 on linux)" generated="20230513 12:39:28.342" rpa="false" schemaversion="3">
<suite id="s1" name="Test Api" source="/home/atwine/NIXON/LK/Test/MSA/api/test_cases/test_api.robot">
<kw name="Authenticate as Admin" type="SETUP">
<kw name="Create Dictionary" library="BuiltIn">
<var>${HEADERS}</var>
<arg>Content-Type=${CONTENT_TYPE}</arg>
<arg>User-Agent=MFS</arg>
<doc>Creates and returns a dictionary based on the given ``items``.</doc>
<msg timestamp="20230513 12:39:28.431" level="INFO">${HEADERS} = {'Content-Type': 'application/json', 'User-Agent': 'MFS'}</msg>
<status status="PASS" starttime="20230513 12:39:28.431" endtime="20230513 12:39:28.431"/>
</kw>
<kw name="Create Session" library="RequestsLibrary">
<arg>Obtain Token</arg>
<arg>${BASE_URL}</arg>
<arg>verify=True</arg>
<doc>Create Session: create a HTTP session to a server</doc>
<msg timestamp="20230513 12:39:28.432" level="INFO">Creating Session using : alias=Obtain Token, url=https://restful-booker.herokuapp.com, headers={},                     cookies={}, auth=None, timeout=None, proxies=None, verify=True,                     debug=0 </msg>
<status status="PASS" starttime="20230513 12:39:28.432" endtime="20230513 12:39:28.432"/>
</kw>
<kw name="Create Dictionary" library="BuiltIn">
<var>${body}</var>
<arg>username=admin</arg>
<arg>password=password123</arg>
<doc>Creates and returns a dictionary based on the given ``items``.</doc>
<msg timestamp="20230513 12:39:28.434" level="INFO">${body} = {'username': 'admin', 'password': 'password123'}</msg>
<status status="PASS" starttime="20230513 12:39:28.433" endtime="20230513 12:39:28.434"/>
</kw>
<kw name="POST On Session" library="RequestsLibrary">
<var>${response}</var>
<arg>Obtain Token</arg>
<arg>${AUTH}</arg>
<arg>json=${body}</arg>
<arg>headers=${HEADERS}</arg>
<doc>Sends a POST request on a previously created HTTP Session.</doc>
<msg timestamp="20230513 12:39:30.003" level="INFO">POST Request : url=https://restful-booker.herokuapp.com/auth 
 path_url=/auth 
 headers={'User-Agent': 'MFS', 'Accept-Encoding': 'gzip, deflate', 'Accept': '*/*', 'Connection': 'keep-alive', 'Content-Type': 'application/json', 'Content-Length': '48'} 
 body=b'{"username": "admin", "password": "password123"}' 
 </msg>
<msg timestamp="20230513 12:39:30.008" level="INFO">POST Response : url=https://restful-booker.herokuapp.com/auth 
 status=200, reason=OK 
 headers={'Server': 'Cowboy', 'Connection': 'keep-alive', 'X-Powered-By': 'Express', 'Content-Type': 'application/json; charset=utf-8', 'Content-Length': '27', 'Etag': 'W/"1b-eMWtmo3zkSsWflb2sqJ+xYMKv8o"', 'Date': 'Sat, 13 May 2023 09:39:29 GMT', 'Via': '1.1 vegur'} 
 body={"token":"a736108205aab59"} 
 </msg>
<msg timestamp="20230513 12:39:30.008" level="INFO">${response} = &lt;Response [200]&gt;</msg>
<status status="PASS" starttime="20230513 12:39:28.434" endtime="20230513 12:39:30.008"/>
</kw>
<kw name="Log" library="BuiltIn">
<arg>${response.json()}</arg>
<doc>Logs the given message with the given level.</doc>
<msg timestamp="20230513 12:39:30.010" level="INFO">{'token': 'a736108205aab59'}</msg>
<status status="PASS" starttime="20230513 12:39:30.008" endtime="20230513 12:39:30.010"/>
</kw>
<kw name="Set Variable" library="BuiltIn">
<var>${token}</var>
<arg>${response.json()}[token]</arg>
<doc>Returns the given values which can then be assigned to a variables.</doc>
<msg timestamp="20230513 12:39:30.011" level="INFO">${token} = a736108205aab59</msg>
<status status="PASS" starttime="20230513 12:39:30.010" endtime="20230513 12:39:30.011"/>
</kw>
<kw name="Log" library="BuiltIn">
<arg>${token}</arg>
<doc>Logs the given message with the given level.</doc>
<msg timestamp="20230513 12:39:30.012" level="INFO">a736108205aab59</msg>
<status status="PASS" starttime="20230513 12:39:30.012" endtime="20230513 12:39:30.012"/>
</kw>
<kw name="Set Suite Variable" library="BuiltIn">
<arg>${token}</arg>
<doc>Makes a variable available everywhere within the scope of the current suite.</doc>
<msg timestamp="20230513 12:39:30.013" level="INFO">${token} = a736108205aab59</msg>
<status status="PASS" starttime="20230513 12:39:30.012" endtime="20230513 12:39:30.013"/>
</kw>
<kw name="Log To Console" library="BuiltIn">
<arg>${token}</arg>
<doc>Logs the given message to the console.</doc>
<status status="PASS" starttime="20230513 12:39:30.013" endtime="20230513 12:39:30.013"/>
</kw>
<status status="PASS" starttime="20230513 12:39:28.430" endtime="20230513 12:39:30.014"/>
</kw>
<test id="s1-t1" name="Add New Booking" line="32">
<kw name="Create a Booking for MFS">
<kw name="Create Session" library="RequestsLibrary">
<arg>Add Booking</arg>
<arg>${BASE_URL}</arg>
<arg>verify=True</arg>
<doc>Create Session: create a HTTP session to a server</doc>
<msg timestamp="20230513 12:39:30.015" level="INFO">Creating Session using : alias=Add Booking, url=https://restful-booker.herokuapp.com, headers={},                     cookies={}, auth=None, timeout=None, proxies=None, verify=True,                     debug=0 </msg>
<status status="PASS" starttime="20230513 12:39:30.015" endtime="20230513 12:39:30.016"/>
</kw>
<kw name="Create Dictionary" library="BuiltIn">
<var>${booking_dates}</var>
<arg>checkin=${CHECKIN}</arg>
<arg>checkout=${CHECKOUT}</arg>
<doc>Creates and returns a dictionary based on the given ``items``.</doc>
<msg timestamp="20230513 12:39:30.016" level="INFO">${booking_dates} = {'checkin': '2022-05-13', 'checkout': '2023-05-14'}</msg>
<status status="PASS" starttime="20230513 12:39:30.016" endtime="20230513 12:39:30.016"/>
</kw>
<kw name="Create Dictionary" library="BuiltIn">
<var>${body}</var>
<arg>firstname=${FIRSTNAME}</arg>
<arg>lastname=${LASTNAME}</arg>
<arg>totalprice=${TOTALPRICE}</arg>
<arg>depositpaid=${DEPOSITPAID}</arg>
<arg>bookingdates=${booking_dates}</arg>
<doc>Creates and returns a dictionary based on the given ``items``.</doc>
<msg timestamp="20230513 12:39:30.017" level="INFO">${body} = {'firstname': 'Atwine', 'lastname': 'Nickson', 'totalprice': '500', 'depositpaid': 'true', 'bookingdates': {'checkin': '2022-05-13', 'checkout': '2023-05-14'}}</msg>
<status status="PASS" starttime="20230513 12:39:30.017" endtime="20230513 12:39:30.017"/>
</kw>
<kw name="POST On Session" library="RequestsLibrary">
<var>${response}</var>
<arg>Add Booking</arg>
<arg>${BOOKING}</arg>
<arg>json=${body}</arg>
<doc>Sends a POST request on a previously created HTTP Session.</doc>
<msg timestamp="20230513 12:39:31.391" level="INFO">POST Request : url=https://restful-booker.herokuapp.com/booking 
 path_url=/booking 
 headers={'User-Agent': 'python-requests/2.30.0', 'Accept-Encoding': 'gzip, deflate', 'Accept': '*/*', 'Connection': 'keep-alive', 'Content-Length': '159', 'Content-Type': 'application/json'} 
 body=b'{"firstname": "Atwine", "lastname": "Nickson", "totalprice": "500", "depositpaid": "true", "bookingdates": {"checkin": "2022-05-13", "checkout": "2023-05-14"}}' 
 </msg>
<msg timestamp="20230513 12:39:31.391" level="INFO">POST Response : url=https://restful-booker.herokuapp.com/booking 
 status=200, reason=OK 
 headers={'Server': 'Cowboy', 'Connection': 'keep-alive', 'X-Powered-By': 'Express', 'Content-Type': 'application/json; charset=utf-8', 'Content-Length': '172', 'Etag': 'W/"ac-pIU8pT4jkq2SxxYjits1VEBXsys"', 'Date': 'Sat, 13 May 2023 09:39:31 GMT', 'Via': '1.1 vegur'} 
 body={"bookingid":4087,"booking":{"firstname":"Atwine","lastname":"Nickson","totalprice":500,"depositpaid":true,"bookingdates":{"checkin":"2022-05-13","checkout":"2023-05-14"}}} 
 </msg>
<msg timestamp="20230513 12:39:31.392" level="INFO">${response} = &lt;Response [200]&gt;</msg>
<status status="PASS" starttime="20230513 12:39:30.017" endtime="20230513 12:39:31.392"/>
</kw>
<kw name="Log To Console" library="BuiltIn">
<arg>${response.json()}</arg>
<doc>Logs the given message to the console.</doc>
<status status="PASS" starttime="20230513 12:39:31.392" endtime="20230513 12:39:31.395"/>
</kw>
<kw name="Set Variable" library="BuiltIn">
<var>${id}</var>
<arg>${response.json()}[bookingid]</arg>
<doc>Returns the given values which can then be assigned to a variables.</doc>
<msg timestamp="20230513 12:39:31.399" level="INFO">${id} = 4087</msg>
<status status="PASS" starttime="20230513 12:39:31.395" endtime="20230513 12:39:31.399"/>
</kw>
<kw name="Convert To String" library="BuiltIn">
<var>${created_user_id}</var>
<arg>${id}</arg>
<doc>Converts the given item to a Unicode string.</doc>
<msg timestamp="20230513 12:39:31.401" level="INFO">${created_user_id} = 4087</msg>
<status status="PASS" starttime="20230513 12:39:31.400" endtime="20230513 12:39:31.401"/>
</kw>
<kw name="Log To Console" library="BuiltIn">
<arg>${id}</arg>
<doc>Logs the given message to the console.</doc>
<status status="PASS" starttime="20230513 12:39:31.401" endtime="20230513 12:39:31.402"/>
</kw>
<kw name="Set Suite Variable" library="BuiltIn">
<arg>${id}</arg>
<doc>Makes a variable available everywhere within the scope of the current suite.</doc>
<msg timestamp="20230513 12:39:31.403" level="INFO">${id} = 4087</msg>
<status status="PASS" starttime="20230513 12:39:31.402" endtime="20230513 12:39:31.403"/>
</kw>
<kw name="GET On Session" library="RequestsLibrary">
<var>${response}</var>
<arg>Add Booking</arg>
<arg>${BOOKING}/${created_user_id}</arg>
<doc>Sends a GET request on a previously created HTTP Session.</doc>
<msg timestamp="20230513 12:39:31.678" level="INFO">GET Request : url=https://restful-booker.herokuapp.com/booking/4087 
 path_url=/booking/4087 
 headers={'User-Agent': 'python-requests/2.30.0', 'Accept-Encoding': 'gzip, deflate', 'Accept': '*/*', 'Connection': 'keep-alive'} 
 body=None 
 </msg>
<msg timestamp="20230513 12:39:31.678" level="INFO">GET Response : url=https://restful-booker.herokuapp.com/booking/4087 
 status=200, reason=OK 
 headers={'Server': 'Cowboy', 'Connection': 'keep-alive', 'X-Powered-By': 'Express', 'Content-Type': 'application/json; charset=utf-8', 'Content-Length': '143', 'Etag': 'W/"8f-q0tiWYF8RpOhWdV6yn8rRk9mr4I"', 'Date': 'Sat, 13 May 2023 09:39:31 GMT', 'Via': '1.1 vegur'} 
 body={"firstname":"Atwine","lastname":"Nickson","totalprice":500,"depositpaid":true,"bookingdates":{"checkin":"2022-05-13","checkout":"2023-05-14"}} 
 </msg>
<msg timestamp="20230513 12:39:31.678" level="INFO">${response} = &lt;Response [200]&gt;</msg>
<status status="PASS" starttime="20230513 12:39:31.403" endtime="20230513 12:39:31.678"/>
</kw>
<kw name="Should Be Equal" library="BuiltIn">
<arg>${response.json()}[lastname]</arg>
<arg>${LASTNAME}</arg>
<doc>Fails if the given objects are unequal.</doc>
<status status="PASS" starttime="20230513 12:39:31.679" endtime="20230513 12:39:31.682"/>
</kw>
<kw name="Should Be Equal" library="BuiltIn">
<arg>${response.json()}[firstname]</arg>
<arg>${FIRSTNAME}</arg>
<doc>Fails if the given objects are unequal.</doc>
<status status="PASS" starttime="20230513 12:39:31.682" endtime="20230513 12:39:31.684"/>
</kw>
<kw name="Should Be Equal As Numbers" library="BuiltIn">
<arg>${response.json()}[totalprice]</arg>
<arg>${TOTALPRICE}</arg>
<doc>Fails if objects are unequal after converting them to real numbers.</doc>
<msg timestamp="20230513 12:39:31.687" level="INFO">Argument types are:
&lt;class 'int'&gt;
&lt;class 'str'&gt;</msg>
<status status="PASS" starttime="20230513 12:39:31.685" endtime="20230513 12:39:31.687"/>
</kw>
<kw name="Dictionary Should Contain Value" library="Collections">
<arg>${response.json()}</arg>
<arg>${FIRSTNAME}</arg>
<doc>Fails if ``value`` is not found from ``dictionary``.</doc>
<status status="PASS" starttime="20230513 12:39:31.688" endtime="20230513 12:39:31.690"/>
</kw>
<kw name="Set Suite Variable" library="BuiltIn">
<arg>${NEW_ID}</arg>
<arg>${id}</arg>
<doc>Makes a variable available everywhere within the scope of the current suite.</doc>
<msg timestamp="20230513 12:39:31.691" level="INFO">${NEW_ID} = 4087</msg>
<status status="PASS" starttime="20230513 12:39:31.690" endtime="20230513 12:39:31.691"/>
</kw>
<kw name="Log To Console" library="BuiltIn">
<arg>${response.json()}</arg>
<doc>Logs the given message to the console.</doc>
<status status="PASS" starttime="20230513 12:39:31.692" endtime="20230513 12:39:31.692"/>
</kw>
<kw name="Log To Console" library="BuiltIn">
<arg>${NEW_ID}</arg>
<doc>Logs the given message to the console.</doc>
<status status="PASS" starttime="20230513 12:39:31.692" endtime="20230513 12:39:31.693"/>
</kw>
<status status="PASS" starttime="20230513 12:39:30.015" endtime="20230513 12:39:31.693"/>
</kw>
<tag>Post</tag>
<status status="PASS" starttime="20230513 12:39:30.014" endtime="20230513 12:39:31.693"/>
</test>
<test id="s1-t2" name="Get The Created Booking" line="36">
<kw name="Get New Booking By Name">
<kw name="Create Session" library="RequestsLibrary">
<arg>Get ID By Name</arg>
<arg>${BASE_URL}</arg>
<arg>verify=True</arg>
<doc>Create Session: create a HTTP session to a server</doc>
<msg timestamp="20230513 12:39:31.695" level="INFO">Creating Session using : alias=Get ID By Name, url=https://restful-booker.herokuapp.com, headers={},                     cookies={}, auth=None, timeout=None, proxies=None, verify=True,                     debug=0 </msg>
<status status="PASS" starttime="20230513 12:39:31.694" endtime="20230513 12:39:31.695"/>
</kw>
<kw name="Catenate" library="BuiltIn">
<var>${url}</var>
<arg>SEPARATOR=/</arg>
<arg>${BASE_URL}/booking/?firstname=${FIRSTNAME}&amp;lastname=${LASTNAME}</arg>
<doc>Catenates the given items together and returns the resulted string.</doc>
<msg timestamp="20230513 12:39:31.696" level="INFO">${url} = https://restful-booker.herokuapp.com/booking/?firstname=Atwine&amp;lastname=Nickson</msg>
<status status="PASS" starttime="20230513 12:39:31.695" endtime="20230513 12:39:31.696"/>
</kw>
<kw name="GET" library="RequestsLibrary">
<var>${response}</var>
<arg>${url}</arg>
<doc>Sends a GET request.</doc>
<msg timestamp="20230513 12:39:33.177" level="INFO">GET Request : url=https://restful-booker.herokuapp.com/booking/?firstname=Atwine&amp;lastname=Nickson 
 path_url=/booking/?firstname=Atwine&amp;lastname=Nickson 
 headers={'User-Agent': 'python-requests/2.30.0', 'Accept-Encoding': 'gzip, deflate', 'Accept': '*/*', 'Connection': 'keep-alive'} 
 body=None 
 </msg>
<msg timestamp="20230513 12:39:33.178" level="INFO">GET Response : url=https://restful-booker.herokuapp.com/booking/?firstname=Atwine&amp;lastname=Nickson 
 status=200, reason=OK 
 headers={'Server': 'Cowboy', 'Connection': 'keep-alive', 'X-Powered-By': 'Express', 'Content-Type': 'application/json; charset=utf-8', 'Content-Length': '77', 'Etag': 'W/"4d-1AtrhsbKiUogdOusIWBvGwEly2A"', 'Date': 'Sat, 13 May 2023 09:39:33 GMT', 'Via': '1.1 vegur'} 
 body=[{"bookingid":4087},{"bookingid":3110},{"bookingid":3388},{"bookingid":3826}] 
 </msg>
<msg timestamp="20230513 12:39:33.178" level="INFO">${response} = &lt;Response [200]&gt;</msg>
<status status="PASS" starttime="20230513 12:39:31.696" endtime="20230513 12:39:33.178"/>
</kw>
<kw name="Should Be Equal As Strings" library="BuiltIn">
<arg>${response.status_code}</arg>
<arg>200</arg>
<doc>Fails if objects are unequal after converting them to strings.</doc>
<msg timestamp="20230513 12:39:33.181" level="INFO">Argument types are:
&lt;class 'int'&gt;
&lt;class 'str'&gt;</msg>
<status status="PASS" starttime="20230513 12:39:33.179" endtime="20230513 12:39:33.181"/>
</kw>
<kw name="Set Variable" library="BuiltIn">
<var>${response_json}</var>
<arg>${response.json()}</arg>
<doc>Returns the given values which can then be assigned to a variables.</doc>
<msg timestamp="20230513 12:39:33.184" level="INFO">${response_json} = [{'bookingid': 4087}, {'bookingid': 3110}, {'bookingid': 3388}, {'bookingid': 3826}]</msg>
<status status="PASS" starttime="20230513 12:39:33.182" endtime="20230513 12:39:33.184"/>
</kw>
<kw name="Create List" library="BuiltIn">
<var>@{booking_ids}</var>
<doc>Returns a list containing given items.</doc>
<msg timestamp="20230513 12:39:33.185" level="INFO">@{booking_ids} = [ ]</msg>
<status status="PASS" starttime="20230513 12:39:33.184" endtime="20230513 12:39:33.185"/>
</kw>
<for flavor="IN">
<var>${booking}</var>
<value>@{response_json}</value>
<iter>
<var name="${booking}">{'bookingid': 4087}</var>
<kw name="Append To List" library="Collections">
<arg>${booking_ids}</arg>
<arg>${booking['bookingid']}</arg>
<doc>Adds ``values`` to the end of ``list``.</doc>
<status status="PASS" starttime="20230513 12:39:33.187" endtime="20230513 12:39:33.190"/>
</kw>
<status status="PASS" starttime="20230513 12:39:33.186" endtime="20230513 12:39:33.190"/>
</iter>
<iter>
<var name="${booking}">{'bookingid': 3110}</var>
<kw name="Append To List" library="Collections">
<arg>${booking_ids}</arg>
<arg>${booking['bookingid']}</arg>
<doc>Adds ``values`` to the end of ``list``.</doc>
<status status="PASS" starttime="20230513 12:39:33.191" endtime="20230513 12:39:33.192"/>
</kw>
<status status="PASS" starttime="20230513 12:39:33.190" endtime="20230513 12:39:33.192"/>
</iter>
<iter>
<var name="${booking}">{'bookingid': 3388}</var>
<kw name="Append To List" library="Collections">
<arg>${booking_ids}</arg>
<arg>${booking['bookingid']}</arg>
<doc>Adds ``values`` to the end of ``list``.</doc>
<status status="PASS" starttime="20230513 12:39:33.192" endtime="20230513 12:39:33.193"/>
</kw>
<status status="PASS" starttime="20230513 12:39:33.192" endtime="20230513 12:39:33.193"/>
</iter>
<iter>
<var name="${booking}">{'bookingid': 3826}</var>
<kw name="Append To List" library="Collections">
<arg>${booking_ids}</arg>
<arg>${booking['bookingid']}</arg>
<doc>Adds ``values`` to the end of ``list``.</doc>
<status status="PASS" starttime="20230513 12:39:33.194" endtime="20230513 12:39:33.195"/>
</kw>
<status status="PASS" starttime="20230513 12:39:33.194" endtime="20230513 12:39:33.195"/>
</iter>
<status status="PASS" starttime="20230513 12:39:33.186" endtime="20230513 12:39:33.195"/>
</for>
<kw name="Should Contain" library="BuiltIn">
<arg>${booking_ids}</arg>
<arg>${NEW_ID}</arg>
<doc>Fails if ``container`` does not contain ``item`` one or more times.</doc>
<status status="PASS" starttime="20230513 12:39:33.195" endtime="20230513 12:39:33.195"/>
</kw>
<kw name="Log To Console" library="BuiltIn">
<arg>${response.content}</arg>
<doc>Logs the given message to the console.</doc>
<status status="PASS" starttime="20230513 12:39:33.195" endtime="20230513 12:39:33.196"/>
</kw>
<status status="PASS" starttime="20230513 12:39:31.694" endtime="20230513 12:39:33.197"/>
</kw>
<tag>Get</tag>
<status status="PASS" starttime="20230513 12:39:31.694" endtime="20230513 12:39:33.197"/>
</test>
<test id="s1-t3" name="Update The Booking" line="41">
<kw name="Update New Booking">
<kw name="Create Dictionary" library="BuiltIn">
<var>${updatebooking}</var>
<arg>checkin=2022-05-16</arg>
<arg>checkout=2022-05-17</arg>
<doc>Creates and returns a dictionary based on the given ``items``.</doc>
<msg timestamp="20230513 12:39:33.212" level="INFO">${updatebooking} = {'checkin': '2022-05-16', 'checkout': '2022-05-17'}</msg>
<status status="PASS" starttime="20230513 12:39:33.211" endtime="20230513 12:39:33.212"/>
</kw>
<kw name="Create Dictionary" library="BuiltIn">
<var>${HEADERS}</var>
<arg>Content-Type=${CONTENT_TYPE}</arg>
<arg>Cookie=token=${token}</arg>
<doc>Creates and returns a dictionary based on the given ``items``.</doc>
<msg timestamp="20230513 12:39:33.214" level="INFO">${HEADERS} = {'Content-Type': 'application/json', 'Cookie': 'token=a736108205aab59'}</msg>
<status status="PASS" starttime="20230513 12:39:33.213" endtime="20230513 12:39:33.214"/>
</kw>
<kw name="Create Session" library="RequestsLibrary">
<arg>Update Booking</arg>
<arg>${BASE_URL}</arg>
<arg>verify=True</arg>
<doc>Create Session: create a HTTP session to a server</doc>
<msg timestamp="20230513 12:39:33.215" level="INFO">Creating Session using : alias=Update Booking, url=https://restful-booker.herokuapp.com, headers={},                     cookies={}, auth=None, timeout=None, proxies=None, verify=True,                     debug=0 </msg>
<status status="PASS" starttime="20230513 12:39:33.214" endtime="20230513 12:39:33.215"/>
</kw>
<kw name="Patch Request" library="RequestsLibrary">
<var>${response}</var>
<arg>Update Booking</arg>
<arg>uri=${BOOKING}/${NEWID}</arg>
<arg>data=${updatebooking}</arg>
<arg>headers=${HEADERS}</arg>
<doc>*DEPRECATED* Please use `PATCH On Session` instead.</doc>
<msg timestamp="20230513 12:39:33.215" level="WARN">Keyword 'RequestsLibrary.Patch Request' is deprecated. Please use `PATCH On Session` instead.</msg>
<msg timestamp="20230513 12:39:34.920" level="INFO">PATCH Request : url=https://restful-booker.herokuapp.com/booking/4087 
 path_url=/booking/4087 
 headers={'User-Agent': 'python-requests/2.30.0', 'Accept-Encoding': 'gzip, deflate', 'Accept': '*/*', 'Connection': 'keep-alive', 'Content-Type': 'application/json', 'Cookie': 'token=a736108205aab59', 'Content-Length': '51'} 
 body={"checkin": "2022-05-16", "checkout": "2022-05-17"} 
 </msg>
<msg timestamp="20230513 12:39:34.920" level="INFO">PATCH Response : url=https://restful-booker.herokuapp.com/booking/4087 
 status=200, reason=OK 
 headers={'Server': 'Cowboy', 'Connection': 'keep-alive', 'X-Powered-By': 'Express', 'Content-Type': 'application/json; charset=utf-8', 'Content-Length': '143', 'Etag': 'W/"8f-q0tiWYF8RpOhWdV6yn8rRk9mr4I"', 'Date': 'Sat, 13 May 2023 09:39:34 GMT', 'Via': '1.1 vegur'} 
 body={"firstname":"Atwine","lastname":"Nickson","totalprice":500,"depositpaid":true,"bookingdates":{"checkin":"2022-05-13","checkout":"2023-05-14"}} 
 </msg>
<msg timestamp="20230513 12:39:34.923" level="INFO">${response} = &lt;Response [200]&gt;</msg>
<status status="PASS" starttime="20230513 12:39:33.215" endtime="20230513 12:39:34.923"/>
</kw>
<kw name="Should Be Equal As Strings" library="BuiltIn">
<arg>${response.status_code}</arg>
<arg>200</arg>
<doc>Fails if objects are unequal after converting them to strings.</doc>
<msg timestamp="20230513 12:39:34.926" level="INFO">Argument types are:
&lt;class 'int'&gt;
&lt;class 'str'&gt;</msg>
<status status="PASS" starttime="20230513 12:39:34.923" endtime="20230513 12:39:34.926"/>
</kw>
<status status="PASS" starttime="20230513 12:39:33.210" endtime="20230513 12:39:34.927"/>
</kw>
<tag>Put</tag>
<status status="PASS" starttime="20230513 12:39:33.197" endtime="20230513 12:39:34.928"/>
</test>
<status status="PASS" starttime="20230513 12:39:28.343" endtime="20230513 12:39:34.930"/>
</suite>
<statistics>
<total>
<stat pass="3" fail="0" skip="0">All Tests</stat>
</total>
<tag>
<stat pass="1" fail="0" skip="0">Get</stat>
<stat pass="1" fail="0" skip="0">Post</stat>
<stat pass="1" fail="0" skip="0">Put</stat>
</tag>
<suite>
<stat pass="3" fail="0" skip="0" id="s1" name="Test Api">Test Api</stat>
</suite>
</statistics>
<errors>
<msg timestamp="20230513 12:39:33.215" level="WARN">Keyword 'RequestsLibrary.Patch Request' is deprecated. Please use `PATCH On Session` instead.</msg>
</errors>
</robot>
